<?xml version="1.0" encoding="UTF-8"?>
<testng-results ignored="0" total="1" passed="1" failed="0" skipped="0">
  <reporter-output>
  </reporter-output>
  <suite started-at="2025-07-30T08:16:29 EAT" name="Surefire suite" finished-at="2025-07-30T08:16:29 EAT" duration-ms="39">
    <groups>
    </groups>
    <test started-at="2025-07-30T08:16:29 EAT" name="Surefire test" finished-at="2025-07-30T08:16:29 EAT" duration-ms="39">
      <class name="com.attachee.AppTest">
        <test-method signature="testApp()[pri:0, instance:testApp(com.attachee.AppTest)]" started-at="2025-07-30T08:16:29 EAT" name="testApp" finished-at="2025-07-30T08:16:29 EAT" duration-ms="4" status="PASS">
          <reporter-output>
          </reporter-output>
        </test-method> <!-- testApp -->
      </class> <!-- com.attachee.AppTest -->
    </test> <!-- Surefire test -->
  </suite> <!-- Surefire suite -->
</testng-results>
