<?xml version="1.0" encoding="UTF-8"?>
<testng-results ignored="0" total="3" passed="2" failed="1" skipped="0">
  <reporter-output>
  </reporter-output>
  <suite started-at="2025-07-30T08:15:26 EAT" name="Surefire suite" finished-at="2025-07-30T08:16:28 EAT" duration-ms="62037">
    <groups>
    </groups>
    <test started-at="2025-07-30T08:15:26 EAT" name="Surefire test" finished-at="2025-07-30T08:16:28 EAT" duration-ms="62037">
      <class name="com.attachee.tests.AccessMaintainersTest">
        <test-method is-config="true" signature="setup()[pri:0, instance:com.attachee.tests.AccessMaintainersTest@5b0abc94]" started-at="2025-07-30T08:15:26 EAT" name="setup" finished-at="2025-07-30T08:15:36 EAT" duration-ms="10015" status="PASS">
          <reporter-output>
          </reporter-output>
        </test-method> <!-- setup -->
        <test-method signature="navigateSideButtons()[pri:0, instance:com.attachee.tests.AccessMaintainersTest@5b0abc94]" started-at="2025-07-30T08:15:36 EAT" name="navigateSideButtons" finished-at="2025-07-30T08:16:06 EAT" duration-ms="30132" status="FAIL">
          <exception class="com.microsoft.playwright.TimeoutError">
            <message>
              <![CDATA[Error {
  message='Timeout 30000ms exceeded.
  name='TimeoutError
  stack='TimeoutError: Timeout 30000ms exceeded.
    at ProgressController.run (/tmp/playwright-java-16591149884625241735/package/lib/server/progress.js:87:26)
    at Frame.click (/tmp/playwright-java-16591149884625241735/package/lib/server/frames.js:995:23)
    at FrameDispatcher.click (/tmp/playwright-java-16591149884625241735/package/lib/server/dispatchers/frameDispatcher.js:158:30)
    at FrameDispatcher._handleCommand (/tmp/playwright-java-16591149884625241735/package/lib/server/dispatchers/dispatcher.js:94:40)
    at DispatcherConnection.dispatch (/tmp/playwright-java-16591149884625241735/package/lib/server/dispatchers/dispatcher.js:362:39)
}
Call log:
- waiting for getByRole(AriaRole.LINK, new Page.GetByRoleOptions().setName("Leave"))
]]>
            </message>
            <full-stacktrace>
              <![CDATA[com.microsoft.playwright.TimeoutError: Error {
  message='Timeout 30000ms exceeded.
  name='TimeoutError
  stack='TimeoutError: Timeout 30000ms exceeded.
    at ProgressController.run (/tmp/playwright-java-16591149884625241735/package/lib/server/progress.js:87:26)
    at Frame.click (/tmp/playwright-java-16591149884625241735/package/lib/server/frames.js:995:23)
    at FrameDispatcher.click (/tmp/playwright-java-16591149884625241735/package/lib/server/dispatchers/frameDispatcher.js:158:30)
    at FrameDispatcher._handleCommand (/tmp/playwright-java-16591149884625241735/package/lib/server/dispatchers/dispatcher.js:94:40)
    at DispatcherConnection.dispatch (/tmp/playwright-java-16591149884625241735/package/lib/server/dispatchers/dispatcher.js:362:39)
}
Call log:
- waiting for getByRole(AriaRole.LINK, new Page.GetByRoleOptions().setName("Leave"))

at com.microsoft.playwright.impl.WaitableResult.get(WaitableResult.java:52)
at com.microsoft.playwright.impl.ChannelOwner.runUntil(ChannelOwner.java:120)
at com.microsoft.playwright.impl.Connection.sendMessage(Connection.java:129)
at com.microsoft.playwright.impl.ChannelOwner.sendMessage(ChannelOwner.java:106)
at com.microsoft.playwright.impl.FrameImpl.clickImpl(FrameImpl.java:252)
at com.microsoft.playwright.impl.FrameImpl.lambda$click$8(FrameImpl.java:243)
at com.microsoft.playwright.impl.LoggingSupport.lambda$withLogging$0(LoggingSupport.java:36)
at com.microsoft.playwright.impl.LoggingSupport.withLogging(LoggingSupport.java:47)
at com.microsoft.playwright.impl.ChannelOwner.withLogging(ChannelOwner.java:89)
at com.microsoft.playwright.impl.LoggingSupport.withLogging(LoggingSupport.java:35)
at com.microsoft.playwright.impl.FrameImpl.click(FrameImpl.java:243)
at com.microsoft.playwright.impl.LocatorImpl.click(LocatorImpl.java:140)
at com.microsoft.playwright.Locator.click(Locator.java:2387)
at com.attachee.pages.AccessMaintainersPages.goToLeavePage(AccessMaintainersPages.java:24)
at com.attachee.tests.AccessMaintainersTest.navigateSideButtons(AccessMaintainersTest.java:13)
at java.base/jdk.internal.reflect.DirectMethodHandleAccessor.invoke(DirectMethodHandleAccessor.java:103)
at java.base/java.lang.reflect.Method.invoke(Method.java:580)
at org.testng.internal.invokers.MethodInvocationHelper.invokeMethod(MethodInvocationHelper.java:139)
at org.testng.internal.invokers.TestInvoker.invokeMethod(TestInvoker.java:664)
at org.testng.internal.invokers.TestInvoker.invokeTestMethod(TestInvoker.java:228)
at org.testng.internal.invokers.MethodRunner.runInSequence(MethodRunner.java:63)
at org.testng.internal.invokers.TestInvoker$MethodInvocationAgent.invoke(TestInvoker.java:961)
at org.testng.internal.invokers.TestInvoker.invokeTestMethods(TestInvoker.java:201)
at org.testng.internal.invokers.TestMethodWorker.invokeTestMethods(TestMethodWorker.java:148)
at org.testng.internal.invokers.TestMethodWorker.run(TestMethodWorker.java:128)
at java.base/java.util.ArrayList.forEach(ArrayList.java:1596)
at org.testng.TestRunner.privateRun(TestRunner.java:819)
at org.testng.TestRunner.run(TestRunner.java:619)
at org.testng.SuiteRunner.runTest(SuiteRunner.java:443)
at org.testng.SuiteRunner.runSequentially(SuiteRunner.java:437)
at org.testng.SuiteRunner.privateRun(SuiteRunner.java:397)
at org.testng.SuiteRunner.run(SuiteRunner.java:336)
at org.testng.SuiteRunnerWorker.runSuite(SuiteRunnerWorker.java:52)
at org.testng.SuiteRunnerWorker.run(SuiteRunnerWorker.java:95)
at org.testng.TestNG.runSuitesSequentially(TestNG.java:1301)
at org.testng.TestNG.runSuitesLocally(TestNG.java:1228)
at org.testng.TestNG.runSuites(TestNG.java:1134)
at org.testng.TestNG.run(TestNG.java:1101)
at org.apache.maven.surefire.testng.TestNGExecutor.run(TestNGExecutor.java:155)
at org.apache.maven.surefire.testng.TestNGDirectoryTestSuite.executeMulti(TestNGDirectoryTestSuite.java:169)
at org.apache.maven.surefire.testng.TestNGDirectoryTestSuite.execute(TestNGDirectoryTestSuite.java:88)
at org.apache.maven.surefire.testng.TestNGProvider.invoke(TestNGProvider.java:137)
at org.apache.maven.surefire.booter.ForkedBooter.runSuitesInProcess(ForkedBooter.java:385)
at org.apache.maven.surefire.booter.ForkedBooter.execute(ForkedBooter.java:162)
at org.apache.maven.surefire.booter.ForkedBooter.run(ForkedBooter.java:507)
at org.apache.maven.surefire.booter.ForkedBooter.main(ForkedBooter.java:495)
Caused by: com.microsoft.playwright.TimeoutError: Error {
  message='Timeout 30000ms exceeded.
  name='TimeoutError
  stack='TimeoutError: Timeout 30000ms exceeded.
    at ProgressController.run (/tmp/playwright-java-16591149884625241735/package/lib/server/progress.js:87:26)
    at Frame.click (/tmp/playwright-java-16591149884625241735/package/lib/server/frames.js:995:23)
    at FrameDispatcher.click (/tmp/playwright-java-16591149884625241735/package/lib/server/dispatchers/frameDispatcher.js:158:30)
    at FrameDispatcher._handleCommand (/tmp/playwright-java-16591149884625241735/package/lib/server/dispatchers/dispatcher.js:94:40)
    at DispatcherConnection.dispatch (/tmp/playwright-java-16591149884625241735/package/lib/server/dispatchers/dispatcher.js:362:39)
}
Call log:
- waiting for getByRole(AriaRole.LINK, new Page.GetByRoleOptions().setName("Leave"))

at com.microsoft.playwright.impl.Connection.dispatch(Connection.java:254)
at com.microsoft.playwright.impl.Connection.processOneMessage(Connection.java:209)
at com.microsoft.playwright.impl.ChannelOwner.runUntil(ChannelOwner.java:118)
... 44 more
]]>
            </full-stacktrace>
          </exception> <!-- com.microsoft.playwright.TimeoutError -->
          <reporter-output>
          </reporter-output>
        </test-method> <!-- navigateSideButtons -->
        <test-method is-config="true" signature="tearDown()[pri:0, instance:com.attachee.tests.AccessMaintainersTest@5b0abc94]" started-at="2025-07-30T08:16:06 EAT" name="tearDown" finished-at="2025-07-30T08:16:07 EAT" duration-ms="427" status="PASS">
          <reporter-output>
          </reporter-output>
        </test-method> <!-- tearDown -->
      </class> <!-- com.attachee.tests.AccessMaintainersTest -->
      <class name="com.attachee.tests.LoginTest">
        <test-method is-config="true" signature="setup()[pri:0, instance:com.attachee.tests.LoginTest@12d3a4e9]" started-at="2025-07-30T08:16:07 EAT" name="setup" finished-at="2025-07-30T08:16:15 EAT" duration-ms="7939" status="PASS">
          <reporter-output>
          </reporter-output>
        </test-method> <!-- setup -->
        <test-method signature="testValidLogin()[pri:0, instance:com.attachee.tests.LoginTest@12d3a4e9]" started-at="2025-07-30T08:16:15 EAT" name="testValidLogin" finished-at="2025-07-30T08:16:19 EAT" duration-ms="3748" status="PASS">
          <reporter-output>
          </reporter-output>
        </test-method> <!-- testValidLogin -->
        <test-method signature="navigateSideButtons()[pri:0, instance:com.attachee.tests.LoginTest@12d3a4e9]" started-at="2025-07-30T08:16:19 EAT" name="navigateSideButtons" finished-at="2025-07-30T08:16:28 EAT" depends-on-methods="com.attachee.tests.LoginTest.testValidLogin" duration-ms="9078" status="PASS">
          <reporter-output>
          </reporter-output>
        </test-method> <!-- navigateSideButtons -->
        <test-method is-config="true" signature="tearDown()[pri:0, instance:com.attachee.tests.LoginTest@12d3a4e9]" started-at="2025-07-30T08:16:28 EAT" name="tearDown" finished-at="2025-07-30T08:16:28 EAT" duration-ms="398" status="PASS">
          <reporter-output>
          </reporter-output>
        </test-method> <!-- tearDown -->
      </class> <!-- com.attachee.tests.LoginTest -->
    </test> <!-- Surefire test -->
  </suite> <!-- Surefire suite -->
</testng-results>
