<?xml version="1.0" encoding="UTF-8"?>
<testsuite xmlns:xsi="http://www.w3.org/2001/XMLSchema-instance" xsi:noNamespaceSchemaLocation="https://maven.apache.org/surefire/maven-surefire-plugin/xsd/surefire-test-report-3.0.xsd" version="3.0" name="com.attachee.tests.ForgotPasswordTests" time="124.288" tests="9" errors="0" skipped="0" failures="1">
  <properties>
    <property name="java.specification.version" value="21"/>
    <property name="sun.jnu.encoding" value="UTF-8"/>
    <property name="java.class.path" value="/home/candy/Projects/simple-playwright-framework/target/test-classes:/home/candy/Projects/simple-playwright-framework/target/classes:/home/candy/.m2/repository/junit/junit/3.8.1/junit-3.8.1.jar:/home/candy/.m2/repository/com/microsoft/playwright/playwright/1.41.2/playwright-1.41.2.jar:/home/candy/.m2/repository/com/google/code/gson/gson/2.8.9/gson-2.8.9.jar:/home/candy/.m2/repository/org/opentest4j/opentest4j/1.2.0/opentest4j-1.2.0.jar:/home/candy/.m2/repository/com/microsoft/playwright/driver/1.41.2/driver-1.41.2.jar:/home/candy/.m2/repository/com/microsoft/playwright/driver-bundle/1.41.2/driver-bundle-1.41.2.jar:/home/candy/.m2/repository/org/testng/testng/7.9.0/testng-7.9.0.jar:/home/candy/.m2/repository/org/slf4j/slf4j-api/1.7.36/slf4j-api-1.7.36.jar:/home/candy/.m2/repository/com/beust/jcommander/1.82/jcommander-1.82.jar:/home/candy/.m2/repository/org/webjars/jquery/3.7.1/jquery-3.7.1.jar:"/>
    <property name="java.vm.vendor" value="Red Hat, Inc."/>
    <property name="sun.arch.data.model" value="64"/>
    <property name="java.vendor.url" value="https://www.redhat.com/"/>
    <property name="user.timezone" value="Africa/Nairobi"/>
    <property name="os.name" value="Linux"/>
    <property name="java.vm.specification.version" value="21"/>
    <property name="sun.java.launcher" value="SUN_STANDARD"/>
    <property name="user.country" value="US"/>
    <property name="sun.boot.library.path" value="/usr/lib/jvm/java-21-openjdk/lib"/>
    <property name="sun.java.command" value="/home/candy/Projects/simple-playwright-framework/target/surefire/surefirebooter-20250730114657953_3.jar /home/candy/Projects/simple-playwright-framework/target/surefire 2025-07-30T11-46-57_550-jvmRun1 surefire-20250730114657953_1tmp surefire_0-20250730114657953_2tmp"/>
    <property name="jdk.debug" value="release"/>
    <property name="test" value="ForgotPasswordTests"/>
    <property name="surefire.test.class.path" value="/home/candy/Projects/simple-playwright-framework/target/test-classes:/home/candy/Projects/simple-playwright-framework/target/classes:/home/candy/.m2/repository/junit/junit/3.8.1/junit-3.8.1.jar:/home/candy/.m2/repository/com/microsoft/playwright/playwright/1.41.2/playwright-1.41.2.jar:/home/candy/.m2/repository/com/google/code/gson/gson/2.8.9/gson-2.8.9.jar:/home/candy/.m2/repository/org/opentest4j/opentest4j/1.2.0/opentest4j-1.2.0.jar:/home/candy/.m2/repository/com/microsoft/playwright/driver/1.41.2/driver-1.41.2.jar:/home/candy/.m2/repository/com/microsoft/playwright/driver-bundle/1.41.2/driver-bundle-1.41.2.jar:/home/candy/.m2/repository/org/testng/testng/7.9.0/testng-7.9.0.jar:/home/candy/.m2/repository/org/slf4j/slf4j-api/1.7.36/slf4j-api-1.7.36.jar:/home/candy/.m2/repository/com/beust/jcommander/1.82/jcommander-1.82.jar:/home/candy/.m2/repository/org/webjars/jquery/3.7.1/jquery-3.7.1.jar:"/>
    <property name="sun.cpu.endian" value="little"/>
    <property name="user.home" value="/home/candy"/>
    <property name="user.language" value="en"/>
    <property name="java.specification.vendor" value="Oracle Corporation"/>
    <property name="java.version.date" value="2025-04-15"/>
    <property name="java.home" value="/usr/lib/jvm/java-21-openjdk"/>
    <property name="file.separator" value="/"/>
    <property name="basedir" value="/home/candy/Projects/simple-playwright-framework"/>
    <property name="java.vm.compressedOopsMode" value="32-bit"/>
    <property name="line.separator" value="&#10;"/>
    <property name="java.vm.specification.vendor" value="Oracle Corporation"/>
    <property name="java.specification.name" value="Java Platform API Specification"/>
    <property name="surefire.real.class.path" value="/home/candy/Projects/simple-playwright-framework/target/surefire/surefirebooter-20250730114657953_3.jar"/>
    <property name="sun.management.compiler" value="HotSpot 64-Bit Tiered Compilers"/>
    <property name="java.runtime.version" value="21.0.7+6"/>
    <property name="user.name" value="candy"/>
    <property name="stdout.encoding" value="UTF-8"/>
    <property name="path.separator" value=":"/>
    <property name="os.version" value="6.14.5-100.fc40.x86_64"/>
    <property name="java.runtime.name" value="OpenJDK Runtime Environment"/>
    <property name="file.encoding" value="UTF-8"/>
    <property name="java.vm.name" value="OpenJDK 64-Bit Server VM"/>
    <property name="java.vendor.version" value="(Red_Hat-21.0.7.0.6-1)"/>
    <property name="localRepository" value="/home/candy/.m2/repository"/>
    <property name="java.vendor.url.bug" value="https://bugzilla.redhat.com/enter_bug.cgi?product=Fedora&amp;component=java-21-openjdk&amp;version=40"/>
    <property name="java.io.tmpdir" value="/tmp"/>
    <property name="java.version" value="21.0.7"/>
    <property name="user.dir" value="/home/candy/Projects/simple-playwright-framework"/>
    <property name="os.arch" value="amd64"/>
    <property name="java.vm.specification.name" value="Java Virtual Machine Specification"/>
    <property name="native.encoding" value="UTF-8"/>
    <property name="java.library.path" value="/usr/java/packages/lib:/usr/lib64:/lib64:/lib:/usr/lib"/>
    <property name="java.vm.info" value="mixed mode, sharing"/>
    <property name="stderr.encoding" value="UTF-8"/>
    <property name="java.vendor" value="Red Hat, Inc."/>
    <property name="java.vm.version" value="21.0.7+6"/>
    <property name="sun.io.unicode.encoding" value="UnicodeLittle"/>
    <property name="java.class.version" value="65.0"/>
  </properties>
  <testcase name="testForgotPasswordLinkVisibility" classname="com.attachee.tests.ForgotPasswordTests" time="10.123">
    <system-out><![CDATA[ðŸ§ª Testing Forgot Password link visibility...
âœ… Forgot Password link is visible
]]></system-out>
    <system-err><![CDATA[SLF4J: Failed to load class "org.slf4j.impl.StaticLoggerBinder".
SLF4J: Defaulting to no-operation (NOP) logger implementation
SLF4J: See http://www.slf4j.org/codes.html#StaticLoggerBinder for further details.
]]></system-err>
  </testcase>
  <testcase name="testNavigationToForgotPasswordPage" classname="com.attachee.tests.ForgotPasswordTests" time="10.862">
    <system-out><![CDATA[ðŸ§ª Testing navigation to Forgot Password page...
âœ… Successfully navigated to Forgot Password page
   Page Title: Reset Password
   URL: https://opensource-demo.orangehrmlive.com/web/index.php/auth/requestPasswordResetCode
]]></system-out>
  </testcase>
  <testcase name="testForgotPasswordPageElements" classname="com.attachee.tests.ForgotPasswordTests" time="10.805">
    <system-out><![CDATA[ðŸ§ª Testing Forgot Password page elements...
âœ… All required elements are present on Forgot Password page
]]></system-out>
  </testcase>
  <testcase name="testPasswordResetWithValidUsername" classname="com.attachee.tests.ForgotPasswordTests" time="13.882">
    <system-out><![CDATA[ðŸ§ª Testing password reset with valid username...
â„¹ï¸ No explicit message displayed - this may be expected behavior
âœ… Password reset flow completed for valid username
]]></system-out>
  </testcase>
  <testcase name="testPasswordResetWithInvalidUsername" classname="com.attachee.tests.ForgotPasswordTests" time="14.56">
    <system-out><![CDATA[ðŸ§ª Testing password reset with invalid username...
â„¹ï¸ No explicit message - system may handle this silently
âœ… Password reset flow completed for invalid username
]]></system-out>
  </testcase>
  <testcase name="testPasswordResetWithEmptyUsername" classname="com.attachee.tests.ForgotPasswordTests" time="12.774">
    <system-out><![CDATA[ðŸ§ª Testing password reset with empty username...
âœ… Handled empty username appropriately
]]></system-out>
  </testcase>
  <testcase name="testCancelButtonFunctionality" classname="com.attachee.tests.ForgotPasswordTests" time="1.548">
    <failure message="Error {&#10;  message=&apos;net::ERR_NETWORK_CHANGED at https://opensource-demo.orangehrmlive.com/web/index.php/auth/login&#10;  name=&apos;Error&#10;  stack=&apos;Error: net::ERR_NETWORK_CHANGED at https://opensource-demo.orangehrmlive.com/web/index.php/auth/login&#10;    at FrameSession._navigate (/tmp/playwright-java-5076935829849286741/package/lib/server/chromium/crPage.js:512:35)&#10;    at async Frame._gotoAction (/tmp/playwright-java-5076935829849286741/package/lib/server/frames.js:534:28)&#10;}&#10;Call log:&#10;- navigating to &quot;https://opensource-demo.orangehrmlive.com/web/index.php/auth/login&quot;, waiting until &quot;load&quot;&#10;" type="com.microsoft.playwright.PlaywrightException"><![CDATA[com.microsoft.playwright.PlaywrightException: 
Error {
  message='net::ERR_NETWORK_CHANGED at https://opensource-demo.orangehrmlive.com/web/index.php/auth/login
  name='Error
  stack='Error: net::ERR_NETWORK_CHANGED at https://opensource-demo.orangehrmlive.com/web/index.php/auth/login
    at FrameSession._navigate (/tmp/playwright-java-5076935829849286741/package/lib/server/chromium/crPage.js:512:35)
    at async Frame._gotoAction (/tmp/playwright-java-5076935829849286741/package/lib/server/frames.js:534:28)
}
Call log:
- navigating to "https://opensource-demo.orangehrmlive.com/web/index.php/auth/login", waiting until "load"

	at com.microsoft.playwright.impl.WaitableResult.get(WaitableResult.java:54)
	at com.microsoft.playwright.impl.ChannelOwner.runUntil(ChannelOwner.java:120)
	at com.microsoft.playwright.impl.Connection.sendMessage(Connection.java:129)
	at com.microsoft.playwright.impl.ChannelOwner.sendMessage(ChannelOwner.java:106)
	at com.microsoft.playwright.impl.FrameImpl.navigateImpl(FrameImpl.java:463)
	at com.microsoft.playwright.impl.PageImpl.lambda$navigate$45(PageImpl.java:836)
	at com.microsoft.playwright.impl.LoggingSupport.withLogging(LoggingSupport.java:47)
	at com.microsoft.playwright.impl.ChannelOwner.withLogging(ChannelOwner.java:89)
	at com.microsoft.playwright.impl.PageImpl.navigate(PageImpl.java:836)
	at com.microsoft.playwright.impl.PageImpl.navigate(PageImpl.java:42)
	at com.microsoft.playwright.Page.navigate(Page.java:5332)
	at com.attachee.pages.ForgotPasswordPage.navigateToLoginPage(ForgotPasswordPage.java:40)
	at com.attachee.tests.ForgotPasswordTests.testCancelButtonFunctionality(ForgotPasswordTests.java:173)
	at java.base/jdk.internal.reflect.DirectMethodHandleAccessor.invoke(DirectMethodHandleAccessor.java:103)
	at java.base/java.lang.reflect.Method.invoke(Method.java:580)
	at org.testng.internal.invokers.MethodInvocationHelper.invokeMethod(MethodInvocationHelper.java:139)
	at org.testng.internal.invokers.TestInvoker.invokeMethod(TestInvoker.java:664)
	at org.testng.internal.invokers.TestInvoker.invokeTestMethod(TestInvoker.java:228)
	at org.testng.internal.invokers.MethodRunner.runInSequence(MethodRunner.java:63)
	at org.testng.internal.invokers.TestInvoker$MethodInvocationAgent.invoke(TestInvoker.java:961)
	at org.testng.internal.invokers.TestInvoker.invokeTestMethods(TestInvoker.java:201)
	at org.testng.internal.invokers.TestMethodWorker.invokeTestMethods(TestMethodWorker.java:148)
	at org.testng.internal.invokers.TestMethodWorker.run(TestMethodWorker.java:128)
	at java.base/java.util.ArrayList.forEach(ArrayList.java:1596)
	at org.testng.TestRunner.privateRun(TestRunner.java:819)
	at org.testng.TestRunner.run(TestRunner.java:619)
	at org.testng.SuiteRunner.runTest(SuiteRunner.java:443)
	at org.testng.SuiteRunner.runSequentially(SuiteRunner.java:437)
	at org.testng.SuiteRunner.privateRun(SuiteRunner.java:397)
	at org.testng.SuiteRunner.run(SuiteRunner.java:336)
	at org.testng.SuiteRunnerWorker.runSuite(SuiteRunnerWorker.java:52)
	at org.testng.SuiteRunnerWorker.run(SuiteRunnerWorker.java:95)
	at org.testng.TestNG.runSuitesSequentially(TestNG.java:1301)
	at org.testng.TestNG.runSuitesLocally(TestNG.java:1228)
	at org.testng.TestNG.runSuites(TestNG.java:1134)
	at org.testng.TestNG.run(TestNG.java:1101)
	at org.apache.maven.surefire.testng.TestNGExecutor.run(TestNGExecutor.java:155)
	at org.apache.maven.surefire.testng.TestNGDirectoryTestSuite.executeSingleClass(TestNGDirectoryTestSuite.java:102)
	at org.apache.maven.surefire.testng.TestNGDirectoryTestSuite.execute(TestNGDirectoryTestSuite.java:91)
	at org.apache.maven.surefire.testng.TestNGProvider.invoke(TestNGProvider.java:137)
	at org.apache.maven.surefire.booter.ForkedBooter.runSuitesInProcess(ForkedBooter.java:385)
	at org.apache.maven.surefire.booter.ForkedBooter.execute(ForkedBooter.java:162)
	at org.apache.maven.surefire.booter.ForkedBooter.run(ForkedBooter.java:507)
	at org.apache.maven.surefire.booter.ForkedBooter.main(ForkedBooter.java:495)
Caused by: com.microsoft.playwright.impl.DriverException: Error {
  message='net::ERR_NETWORK_CHANGED at https://opensource-demo.orangehrmlive.com/web/index.php/auth/login
  name='Error
  stack='Error: net::ERR_NETWORK_CHANGED at https://opensource-demo.orangehrmlive.com/web/index.php/auth/login
    at FrameSession._navigate (/tmp/playwright-java-5076935829849286741/package/lib/server/chromium/crPage.js:512:35)
    at async Frame._gotoAction (/tmp/playwright-java-5076935829849286741/package/lib/server/frames.js:534:28)
}
Call log:
- navigating to "https://opensource-demo.orangehrmlive.com/web/index.php/auth/login", waiting until "load"

	at com.microsoft.playwright.impl.Connection.dispatch(Connection.java:259)
	at com.microsoft.playwright.impl.Connection.processOneMessage(Connection.java:209)
	at com.microsoft.playwright.impl.ChannelOwner.runUntil(ChannelOwner.java:118)
	... 42 more
]]></failure>
    <system-out><![CDATA[ðŸ§ª Testing Cancel button functionality...
]]></system-out>
  </testcase>
  <testcase name="testCompleteForgotPasswordJourney" classname="com.attachee.tests.ForgotPasswordTests" time="19.784">
    <system-out><![CDATA[ðŸ§ª Testing complete forgot password user journey...
   Step 1: Navigated to login page âœ…
   Step 2: Navigated to forgot password page âœ…
   Step 3: Submitted password reset request âœ…
âœ… Complete forgot password journey tested successfully
]]></system-out>
  </testcase>
  <testcase name="debugForgotPasswordFunctionality" classname="com.attachee.tests.ForgotPasswordTests" time="17.858">
    <system-out><![CDATA[ðŸ” Debug test - exploring forgot password functionality...
ðŸ” Debugging Forgot Password Page Elements:
  - Forgot Password Link visible: true
  - Forgot Password Page displayed: false
  - Username field visible: true
  - Reset button visible: true
  - Cancel button visible: false
  - Current URL: https://opensource-demo.orangehrmlive.com/web/index.php/auth/login

--- Clicking Forgot Password Link ---
ðŸ” Debugging Forgot Password Page Elements:
  - Forgot Password Link visible: false
  - Forgot Password Page displayed: true
  - Username field visible: true
  - Reset button visible: true
  - Cancel button visible: true
  - Current URL: https://opensource-demo.orangehrmlive.com/web/index.php/auth/requestPasswordResetCode
ðŸ“¸ Screenshot saved as: forgot-password-page.png
âœ… Debug test completed
]]></system-out>
  </testcase>
</testsuite>