<?xml version="1.0" encoding="UTF-8"?>
<testsuite xmlns:xsi="http://www.w3.org/2001/XMLSchema-instance" xsi:noNamespaceSchemaLocation="https://maven.apache.org/surefire/maven-surefire-plugin/xsd/surefire-test-report-3.0.xsd" version="3.0" name="com.attachee.tests.ForgotPasswordTests" time="124.288" tests="9" errors="0" skipped="0" failures="1">
  <properties>
[...]
</properties>
  <testcase name="testForgotPasswordLinkVisibility" classname="com.attachee.tests.ForgotPasswordTests" time="10.123">
    <system-out><![CDATA[🧪 Testing Forgot Password link visibility...
✅ Forgot Password link is visible
]]></system-out>
    <system-err><![CDATA[SLF4J: Failed to load class "org.slf4j.impl.StaticLoggerBinder".
SLF4J: Defaulting to no-operation (NOP) logger implementation
SLF4J: See http://www.slf4j.org/codes.html#StaticLoggerBinder for further details.
]]></system-err>
  </testcase>
  <testcase name="testNavigationToForgotPasswordPage" classname="com.attachee.tests.ForgotPasswordTests" time="10.862">
    <system-out><![CDATA[🧪 Testing navigation to Forgot Password page...
✅ Successfully navigated to Forgot Password page
   Page Title: Reset Password
   URL: https://opensource-demo.orangehrmlive.com/web/index.php/auth/requestPasswordResetCode
]]></system-out>
  </testcase>
  <testcase name="testForgotPasswordPageElements" classname="com.attachee.tests.ForgotPasswordTests" time="10.805">
    <system-out><![CDATA[🧪 Testing Forgot Password page elements...
✅ All required elements are present on Forgot Password page
]]></system-out>
  </testcase>
  <testcase name="testPasswordResetWithValidUsername" classname="com.attachee.tests.ForgotPasswordTests" time="13.882">
    <system-out><![CDATA[🧪 Testing password reset with valid username...
ℹ️ No explicit message displayed - this may be expected behavior
✅ Password reset flow completed for valid username
]]></system-out>
  </testcase>
  <testcase name="testPasswordResetWithInvalidUsername" classname="com.attachee.tests.ForgotPasswordTests" time="14.56">
    <system-out><![CDATA[🧪 Testing password reset with invalid username...
ℹ️ No explicit message - system may handle this silently
✅ Password reset flow completed for invalid username
]]></system-out>
  </testcase>
  <testcase name="testPasswordResetWithEmptyUsername" classname="com.attachee.tests.ForgotPasswordTests" time="12.774">
    <system-out><![CDATA[🧪 Testing password reset with empty username...
✅ Handled empty username appropriately
]]></system-out>
  </testcase>
  <testcase name="testCancelButtonFunctionality" classname="com.attachee.tests.ForgotPasswordTests" time="1.548">
    <failure message="Error {&#10;  message=&apos;net::ERR_NETWORK_CHANGED at https://opensource-demo.orangehrmlive.com/web/index.php/auth/login&#10;  name=&apos;Error&#10;  stack=&apos;Error: net::ERR_NETWORK_CHANGED at https://opensource-demo.orangehrmlive.com/web/index.php/auth/login&#10;    at FrameSession._navigate (/tmp/playwright-java-5076935829849286741/package/lib/server/chromium/crPage.js:512:35)&#10;    at async Frame._gotoAction (/tmp/playwright-java-5076935829849286741/package/lib/server/frames.js:534:28)&#10;}&#10;Call log:&#10;- navigating to &quot;https://opensource-demo.orangehrmlive.com/web/index.php/auth/login&quot;, waiting until &quot;load&quot;&#10;" type="com.microsoft.playwright.PlaywrightException"><![CDATA[com.microsoft.playwright.PlaywrightException: 
Error {
  message='net::ERR_NETWORK_CHANGED at https://opensource-demo.orangehrmlive.com/web/index.php/auth/login
  name='Error
  stack='Error: net::ERR_NETWORK_CHANGED at https://opensource-demo.orangehrmlive.com/web/index.php/auth/login
    at FrameSession._navigate (/tmp/playwright-java-5076935829849286741/package/lib/server/chromium/crPage.js:512:35)
    at async Frame._gotoAction (/tmp/playwright-java-5076935829849286741/package/lib/server/frames.js:534:28)
}
Call log:
- navigating to "https://opensource-demo.orangehrmlive.com/web/index.php/auth/login", waiting until "load"

	at com.microsoft.playwright.impl.WaitableResult.get(WaitableResult.java:54)
	at com.microsoft.playwright.impl.ChannelOwner.runUntil(ChannelOwner.java:120)
	at com.microsoft.playwright.impl.Connection.sendMessage(Connection.java:129)
	at com.microsoft.playwright.impl.ChannelOwner.sendMessage(ChannelOwner.java:106)
	at com.microsoft.playwright.impl.FrameImpl.navigateImpl(FrameImpl.java:463)
	at com.microsoft.playwright.impl.PageImpl.lambda$navigate$45(PageImpl.java:836)
	at com.microsoft.playwright.impl.LoggingSupport.withLogging(LoggingSupport.java:47)
	at com.microsoft.playwright.impl.ChannelOwner.withLogging(ChannelOwner.java:89)
	at com.microsoft.playwright.impl.PageImpl.navigate(PageImpl.java:836)
	at com.microsoft.playwright.impl.PageImpl.navigate(PageImpl.java:42)
	at com.microsoft.playwright.Page.navigate(Page.java:5332)
	at com.attachee.pages.ForgotPasswordPage.navigateToLoginPage(ForgotPasswordPage.java:40)
	at com.attachee.tests.ForgotPasswordTests.testCancelButtonFunctionality(ForgotPasswordTests.java:173)
	at java.base/jdk.internal.reflect.DirectMethodHandleAccessor.invoke(DirectMethodHandleAccessor.java:103)
	at java.base/java.lang.reflect.Method.invoke(Method.java:580)
	at org.testng.internal.invokers.MethodInvocationHelper.invokeMethod(MethodInvocationHelper.java:139)
	at org.testng.internal.invokers.TestInvoker.invokeMethod(TestInvoker.java:664)
	at org.testng.internal.invokers.TestInvoker.invokeTestMethod(TestInvoker.java:228)
	at org.testng.internal.invokers.MethodRunner.runInSequence(MethodRunner.java:63)
	at org.testng.internal.invokers.TestInvoker$MethodInvocationAgent.invoke(TestInvoker.java:961)
	at org.testng.internal.invokers.TestInvoker.invokeTestMethods(TestInvoker.java:201)
	at org.testng.internal.invokers.TestMethodWorker.invokeTestMethods(TestMethodWorker.java:148)
	at org.testng.internal.invokers.TestMethodWorker.run(TestMethodWorker.java:128)
	at java.base/java.util.ArrayList.forEach(ArrayList.java:1596)
	at org.testng.TestRunner.privateRun(TestRunner.java:819)
	at org.testng.TestRunner.run(TestRunner.java:619)
	at org.testng.SuiteRunner.runTest(SuiteRunner.java:443)
	at org.testng.SuiteRunner.runSequentially(SuiteRunner.java:437)
	at org.testng.SuiteRunner.privateRun(SuiteRunner.java:397)
	at org.testng.SuiteRunner.run(SuiteRunner.java:336)
	at org.testng.SuiteRunnerWorker.runSuite(SuiteRunnerWorker.java:52)
	at org.testng.SuiteRunnerWorker.run(SuiteRunnerWorker.java:95)
	at org.testng.TestNG.runSuitesSequentially(TestNG.java:1301)
	at org.testng.TestNG.runSuitesLocally(TestNG.java:1228)
	at org.testng.TestNG.runSuites(TestNG.java:1134)
	at org.testng.TestNG.run(TestNG.java:1101)
	at org.apache.maven.surefire.testng.TestNGExecutor.run(TestNGExecutor.java:155)
	at org.apache.maven.surefire.testng.TestNGDirectoryTestSuite.executeSingleClass(TestNGDirectoryTestSuite.java:102)
	at org.apache.maven.surefire.testng.TestNGDirectoryTestSuite.execute(TestNGDirectoryTestSuite.java:91)
	at org.apache.maven.surefire.testng.TestNGProvider.invoke(TestNGProvider.java:137)
	at org.apache.maven.surefire.booter.ForkedBooter.runSuitesInProcess(ForkedBooter.java:385)
	at org.apache.maven.surefire.booter.ForkedBooter.execute(ForkedBooter.java:162)
	at org.apache.maven.surefire.booter.ForkedBooter.run(ForkedBooter.java:507)
	at org.apache.maven.surefire.booter.ForkedBooter.main(ForkedBooter.java:495)
Caused by: com.microsoft.playwright.impl.DriverException: Error {
  message='net::ERR_NETWORK_CHANGED at https://opensource-demo.orangehrmlive.com/web/index.php/auth/login
  name='Error
  stack='Error: net::ERR_NETWORK_CHANGED at https://opensource-demo.orangehrmlive.com/web/index.php/auth/login
    at FrameSession._navigate (/tmp/playwright-java-5076935829849286741/package/lib/server/chromium/crPage.js:512:35)
    at async Frame._gotoAction (/tmp/playwright-java-5076935829849286741/package/lib/server/frames.js:534:28)
}
Call log:
- navigating to "https://opensource-demo.orangehrmlive.com/web/index.php/auth/login", waiting until "load"

	at com.microsoft.playwright.impl.Connection.dispatch(Connection.java:259)
	at com.microsoft.playwright.impl.Connection.processOneMessage(Connection.java:209)
	at com.microsoft.playwright.impl.ChannelOwner.runUntil(ChannelOwner.java:118)
	... 42 more
]]></failure>
    <system-out><![CDATA[🧪 Testing Cancel button functionality...
]]></system-out>
  </testcase>
  <testcase name="testCompleteForgotPasswordJourney" classname="com.attachee.tests.ForgotPasswordTests" time="19.784">
    <system-out><![CDATA[🧪 Testing complete forgot password user journey...
   Step 1: Navigated to login page ✅
   Step 2: Navigated to forgot password page ✅
   Step 3: Submitted password reset request ✅
✅ Complete forgot password journey tested successfully
]]></system-out>
  </testcase>
  <testcase name="debugForgotPasswordFunctionality" classname="com.attachee.tests.ForgotPasswordTests" time="17.858">
    <system-out><![CDATA[🔍 Debug test - exploring forgot password functionality...
🔍 Debugging Forgot Password Page Elements:
  - Forgot Password Link visible: true
  - Forgot Password Page displayed: false
  - Username field visible: true
  - Reset button visible: true
  - Cancel button visible: false
  - Current URL: https://opensource-demo.orangehrmlive.com/web/index.php/auth/login

--- Clicking Forgot Password Link ---
🔍 Debugging Forgot Password Page Elements:
  - Forgot Password Link visible: false
  - Forgot Password Page displayed: true
  - Username field visible: true
  - Reset button visible: true
  - Cancel button visible: true
  - Current URL: https://opensource-demo.orangehrmlive.com/web/index.php/auth/requestPasswordResetCode
📸 Screenshot saved as: forgot-password-page.png
✅ Debug test completed
]]></system-out>
  </testcase>
</testsuite>