<?xml version="1.0" encoding="UTF-8"?>
<testng-results ignored="0" total="1" passed="1" failed="0" skipped="0">
  <reporter-output>
  </reporter-output>
  <suite started-at="2025-07-30T09:07:13 EAT" name="Surefire suite" finished-at="2025-07-30T09:08:10 EAT" duration-ms="56906">
    <groups>
    </groups>
    <test started-at="2025-07-30T09:07:13 EAT" name="Surefire test" finished-at="2025-07-30T09:08:10 EAT" duration-ms="56906">
      <class name="com.attachee.tests.AccessMaintainersTest">
        <test-method is-config="true" signature="setUpClass()[pri:0, instance:com.attachee.tests.AccessMaintainersTest@123f1134]" started-at="2025-07-30T09:07:13 EAT" name="setUpClass" finished-at="2025-07-30T09:07:41 EAT" duration-ms="27573" status="PASS">
          <reporter-output>
          </reporter-output>
        </test-method> <!-- setUpClass -->
        <test-method is-config="true" signature="setUp()[pri:0, instance:com.attachee.tests.AccessMaintainersTest@123f1134]" started-at="2025-07-30T09:07:41 EAT" name="setUp" finished-at="2025-07-30T09:08:02 EAT" duration-ms="21248" status="PASS">
          <reporter-output>
          </reporter-output>
        </test-method> <!-- setUp -->
        <test-method signature="navigateSideButtons()[pri:0, instance:com.attachee.tests.AccessMaintainersTest@123f1134]" started-at="2025-07-30T09:08:02 EAT" name="navigateSideButtons" finished-at="2025-07-30T09:08:09 EAT" duration-ms="6996" status="PASS">
          <reporter-output>
          </reporter-output>
        </test-method> <!-- navigateSideButtons -->
        <test-method is-config="true" signature="tearDown()[pri:0, instance:com.attachee.tests.AccessMaintainersTest@123f1134]" started-at="2025-07-30T09:08:09 EAT" name="tearDown" finished-at="2025-07-30T09:08:10 EAT" duration-ms="158" status="PASS">
          <reporter-output>
          </reporter-output>
        </test-method> <!-- tearDown -->
        <test-method is-config="true" signature="tearDownClass()[pri:0, instance:com.attachee.tests.AccessMaintainersTest@123f1134]" started-at="2025-07-30T09:08:10 EAT" name="tearDownClass" finished-at="2025-07-30T09:08:10 EAT" duration-ms="651" status="PASS">
          <reporter-output>
          </reporter-output>
        </test-method> <!-- tearDownClass -->
      </class> <!-- com.attachee.tests.AccessMaintainersTest -->
    </test> <!-- Surefire test -->
  </suite> <!-- Surefire suite -->
</testng-results>
